yarn run v1.22.15
$ export PORT=80 && node scripts/start.js
(node:3641) [DEP0148] DeprecationWarning: Use of deprecated folder mapping "./" in the "exports" field module resolution of the package at /home/leebon/connect-frontend/node_modules/postcss-safe-parser/node_modules/postcss/package.json.
Update this package.json to use a subpath pattern like "./*".
(Use `node --trace-deprecation ...` to show where the warning was created)
Admin permissions are required to run a server on a port below 1024.
Done in 3.38s.
yarn run v1.22.15
$ export PORT=80 && node scripts/start.js
(node:6031) [DEP0148] DeprecationWarning: Use of deprecated folder mapping "./" in the "exports" field module resolution of the package at /home/leebon/connect-frontend/node_modules/postcss-safe-parser/node_modules/postcss/package.json.
Update this package.json to use a subpath pattern like "./*".
(Use `node --trace-deprecation ...` to show where the warning was created)
[HPM] Proxy created: /  -> http://localhost:8000
[HPM] Proxy created: /  -> http://localhost:8000
[34mℹ[39m [90m｢wds｣[39m: Project is running at http://172.21.0.2/
[34mℹ[39m [90m｢wds｣[39m: webpack output is served from 
[34mℹ[39m [90m｢wds｣[39m: Content not from webpack is served from /home/leebon/connect-frontend/public
[34mℹ[39m [90m｢wds｣[39m: 404s will fallback to /
Starting the development server...

INFO: Accepting connections at http://localhost:80
